<?xml version="1.0" encoding="utf-8"?><testsuites name="pytest tests"><testsuite name="pytest" errors="0" failures="0" skipped="0" tests="16" time="11.202" timestamp="2026-08-28T17:05:51.238557+00:00" hostname="agent-env-647eeb3a-0bfa-47fe-941f-7fd41e72af44"><testcase classname="tests.test_phase3_notifications" name="test_notify_owner_when_staff_replies" time="2.470" /><testcase classname="tests.test_phase3_notifications" name="test_notify_assignee_when_owner_replies" time="0.902" /><testcase classname="tests.test_phase3_notifications" name="test_user_not_notified_of_own_message" time="0.853" /><testcase classname="tests.test_phase3_notifications" name="test_mark_specific_notifications_read" time="0.431" /><testcase classname="tests.test_phase3_notifications" name="test_mark_all_notifications_read" time="0.174" /><testcase classname="tests.test_phase3_notifications" name="test_rate_only_on_resolved" time="0.163" /><testcase classname="tests.test_phase3_notifications" name="test_rate_non_owner_forbidden" time="0.383" /><testcase classname="tests.test_phase3_notifications" name="test_rate_owner_ok_and_persists" time="0.388" /><testcase classname="tests.test_phase3_notifications" name="test_good_example_regular_user_forbidden" time="0.327" /><testcase classname="tests.test_phase3_notifications" name="test_good_example_staff_creates_pending_and_idempotent" time="0.491" /><testcase classname="tests.test_phase3_notifications" name="test_admin_knowledge_forbidden_for_non_admin" time="0.191" /><testcase classname="tests.test_phase3_notifications" name="test_admin_knowledge_list_has_counts_and_pending_entry" time="0.130" /><testcase classname="tests.test_phase3_notifications" name="test_admin_approve_knowledge" time="0.237" /><testcase classname="tests.test_phase3_notifications" name="test_admin_approve_forbidden_non_admin" time="0.070" /><testcase classname="tests.test_phase3_notifications" name="test_admin_delete_knowledge" time="0.727" /><testcase classname="tests.test_phase3_notifications" name="test_chat_stream_still_works_after_approved_knowledge" time="3.185" /></testsuite></testsuites>