<?xml version="1.0" encoding="utf-8"?><testsuites name="pytest tests"><testsuite name="pytest" errors="0" failures="0" skipped="0" tests="16" time="3.349" timestamp="2026-08-28T16:35:41.790762+00:00" hostname="agent-env-647eeb3a-0bfa-47fe-941f-7fd41e72af44"><testcase classname="tests.test_rbac.TestAdminAccess" name="test_admin_list_users" time="0.654" /><testcase classname="tests.test_rbac.TestAdminSecurity" name="test_user_403[GET-/admin/users]" time="0.816" /><testcase classname="tests.test_rbac.TestAdminAccess" name="test_admin_stats" time="0.094" /><testcase classname="tests.test_rbac.TestAdminAccess" name="test_admin_template_crud" time="0.360" /><testcase classname="tests.test_rbac.TestAdminSecurity" name="test_user_403[GET-/admin/stats]" time="0.087" /><testcase classname="tests.test_rbac.TestAdminSecurity" name="test_user_403[POST-/admin/templates]" time="0.087" /><testcase classname="tests.test_rbac.TestAdminSecurity" name="test_user_cannot_change_role" time="0.116" /><testcase classname="tests.test_rbac.TestAdminSecurity" name="test_user_cannot_delete" time="0.106" /><testcase classname="tests.test_rbac.TestAuth" name="test_admin_login_returns_admin_role" time="0.138" /><testcase classname="tests.test_rbac.TestAdminSecurity" name="test_no_token_rejected" time="0.076" /><testcase classname="tests.test_rbac.TestAdminSecurity" name="test_invalid_token_rejected" time="0.256" /><testcase classname="tests.test_rbac.TestAuth" name="test_new_user_defaults_to_user_role" time="0.383" /><testcase classname="tests.test_rbac.TestAdminSecurity" name="test_no_self_escalation_route_exists" time="0.384" /><testcase classname="tests.test_rbac.TestAdminGuards" name="test_owner_cannot_be_demoted" time="0.210" /><testcase classname="tests.test_rbac.TestAdminGuards" name="test_owner_cannot_be_deleted" time="0.396" /><testcase classname="tests.test_rbac.TestRoleChange" name="test_change_and_persist" time="0.863" /></testsuite></testsuites>