<?xml version="1.0" encoding="utf-8"?><testsuites name="pytest tests"><testsuite name="pytest" errors="0" failures="0" skipped="0" tests="11" time="3.768" timestamp="2026-08-28T16:50:54.308450+00:00" hostname="agent-env-647eeb3a-0bfa-47fe-941f-7fd41e72af44"><testcase classname="tests.test_tickets" name="test_regular_user_creates_ticket_status_waiting" time="1.585" /><testcase classname="tests.test_tickets" name="test_my_tickets_returns_owner_tickets" time="0.076" /><testcase classname="tests.test_tickets" name="test_staff_endpoints_forbidden_for_regular_user" time="0.289" /><testcase classname="tests.test_tickets" name="test_staff_can_list_and_stats" time="0.158" /><testcase classname="tests.test_tickets" name="test_other_regular_user_cannot_access_ticket" time="0.181" /><testcase classname="tests.test_tickets" name="test_owner_can_access_and_post" time="0.073" /><testcase classname="tests.test_tickets" name="test_staff_first_reply_moves_to_in_progress_and_assigns" time="0.258" /><testcase classname="tests.test_tickets" name="test_claim_assigns_and_sets_in_progress" time="0.253" /><testcase classname="tests.test_tickets" name="test_owner_can_resolve_and_reopen" time="0.480" /><testcase classname="tests.test_tickets" name="test_staff_can_change_status_of_others_ticket" time="0.149" /><testcase classname="tests.test_tickets" name="test_non_owner_non_staff_cannot_change_status" time="0.198" /></testsuite></testsuites>